<?xml version="1.0" encoding="UTF-8"?>
<!-- Generated by org.testng.reporters.JUnitReportReporter -->
<testsuite hostname="Archa" failures="0" tests="1" name="Norsuptestpkg.Norsuptest" time="6.037" errors="0" timestamp="2024-05-01T09:58:42 IST" skipped="0">
  <testcase classname="Norsuptestpkg.Norsuptest" name="Norlogin" time="6.037"/>
</testsuite> <!-- Norsuptestpkg.Norsuptest -->
